<?xml version="1.0" encoding="UTF-8"?>
<!-- Generated by org.testng.reporters.JUnitXMLReporter -->
<testsuite hostname="PCLap" name="Default test" tests="3" failures="0" timestamp="3 Apr 2016 09:50:08 GMT" time="0.018" errors="0">
  <testcase name="FlightBooking" time="0.004" classname="testgnFiles.Annotations"/>
  <testcase name="FlightCancel" time="0.001" classname="testgnFiles.Annotations"/>
  <testcase name="OpeningBrowser" time="0.001" classname="testgnFiles.Annotations"/>
</testsuite> <!-- Default test -->
