<?xml version="1.0" encoding="UTF-8"?>
<!-- Generated by org.testng.reporters.JUnitXMLReporter -->
<testsuite hostname="lgvn14575" name="SmokeTest" tests="3" failures="0" timestamp="5 Apr 2016 04:01:22 GMT" time="0.017" errors="0">
  <testcase name="FlightBooking" time="0.001" classname="testngFiles.Annotations"/>
  <testcase name="FlightCancel" time="0.0" classname="testngFiles.Annotations"/>
  <testcase name="OpeningBrowser" time="0.0" classname="testngFiles.Annotations"/>
</testsuite> <!-- SmokeTest -->
