<?xml version="1.0" encoding="UTF-8"?>
<!-- Generated by org.testng.reporters.JUnitXMLReporter -->
<testsuite hostname="PCLap" name="SmokeTest" tests="3" failures="0" timestamp="3 Apr 2016 10:00:09 GMT" time="0.02" errors="0">
  <testcase name="FlightBooking" time="0.003" classname="testngFiles.Annotations"/>
  <testcase name="FlightCancel" time="0.0" classname="testngFiles.Annotations"/>
  <testcase name="OpeningBrowser" time="0.0" classname="testngFiles.Annotations"/>
</testsuite> <!-- SmokeTest -->
